2025-12-18 00:10:12 INFO  Utils:112 - [TestNG] Running:
  C:\Users\renuk\AppData\Local\JetBrains\IdeaIC2025.2\temp-testng-customsuite.xml

2025-12-18 00:10:16 INFO  Log4jLogger:11 - ########################################################################
2025-12-18 00:10:16 INFO  Log4jLogger:12 - ########################################################################
2025-12-18 00:10:16 INFO  Log4jLogger:13 - ######           GetPrivateReposTestsinvoke0              ######
2025-12-18 00:10:16 INFO  Log4jLogger:14 - ########################################################################
2025-12-18 00:10:16 INFO  Log4jLogger:15 - ########################################################################
2025-12-18 00:10:16 INFO  Log4jLogger:19 - ###############            --E---N---D--           ###############
2025-12-18 00:10:16 INFO  Log4jLogger:20 - ########################################################################
2025-12-18 00:10:16 INFO  Log4jLogger:21 - -------X-------------X--------------X--------------X-------------X------
2025-12-18 00:10:16 INFO  Log4jLogger:22 - X
2025-12-18 00:10:16 INFO  Log4jLogger:23 - X
2025-12-18 00:10:16 INFO  Log4jLogger:24 - X
2025-12-18 00:10:16 INFO  Log4jLogger:25 - X
2025-12-18 00:10:16 INFO  Log4jLogger:26 - X
2025-12-18 00:12:44 INFO  Utils:112 - [TestNG] Running:
  C:\Users\renuk\AppData\Local\JetBrains\IdeaIC2025.2\temp-testng-customsuite.xml

2025-12-18 00:12:47 INFO  Log4jLogger:11 - ########################################################################
2025-12-18 00:12:47 INFO  Log4jLogger:12 - ########################################################################
2025-12-18 00:12:47 INFO  Log4jLogger:13 - ######           GetPrivateReposTestsinvoke0              ######
2025-12-18 00:12:47 INFO  Log4jLogger:14 - ########################################################################
2025-12-18 00:12:47 INFO  Log4jLogger:15 - ########################################################################
2025-12-18 00:12:47 INFO  Log4jLogger:19 - ###############            --E---N---D--           ###############
2025-12-18 00:12:47 INFO  Log4jLogger:20 - ########################################################################
2025-12-18 00:12:47 INFO  Log4jLogger:21 - -------X-------------X--------------X--------------X-------------X------
2025-12-18 00:12:47 INFO  Log4jLogger:22 - X
2025-12-18 00:12:47 INFO  Log4jLogger:23 - X
2025-12-18 00:12:47 INFO  Log4jLogger:24 - X
2025-12-18 00:12:47 INFO  Log4jLogger:25 - X
2025-12-18 00:12:47 INFO  Log4jLogger:26 - X
2025-12-18 00:12:47 INFO  Log4jLogger:11 - ########################################################################
2025-12-18 00:12:47 INFO  Log4jLogger:12 - ########################################################################
2025-12-18 00:12:47 INFO  Log4jLogger:13 - ######           GetPrivateReposTestsinvoke0              ######
2025-12-18 00:12:47 INFO  Log4jLogger:14 - ########################################################################
2025-12-18 00:12:47 INFO  Log4jLogger:15 - ########################################################################
2025-12-18 00:12:48 INFO  Log4jLogger:19 - ###############            --E---N---D--           ###############
2025-12-18 00:12:48 INFO  Log4jLogger:20 - ########################################################################
2025-12-18 00:12:48 INFO  Log4jLogger:21 - -------X-------------X--------------X--------------X-------------X------
2025-12-18 00:12:48 INFO  Log4jLogger:22 - X
2025-12-18 00:12:48 INFO  Log4jLogger:23 - X
2025-12-18 00:12:48 INFO  Log4jLogger:24 - X
2025-12-18 00:12:48 INFO  Log4jLogger:25 - X
2025-12-18 00:12:48 INFO  Log4jLogger:26 - X
2025-12-18 00:12:48 INFO  Log4jLogger:11 - ########################################################################
2025-12-18 00:12:48 INFO  Log4jLogger:12 - ########################################################################
2025-12-18 00:12:48 INFO  Log4jLogger:13 - ######           GetPrivateReposTestsinvoke0              ######
2025-12-18 00:12:48 INFO  Log4jLogger:14 - ########################################################################
2025-12-18 00:12:48 INFO  Log4jLogger:15 - ########################################################################
2025-12-18 00:12:48 INFO  Log4jLogger:19 - ###############            --E---N---D--           ###############
2025-12-18 00:12:48 INFO  Log4jLogger:20 - ########################################################################
2025-12-18 00:12:48 INFO  Log4jLogger:21 - -------X-------------X--------------X--------------X-------------X------
2025-12-18 00:12:48 INFO  Log4jLogger:22 - X
2025-12-18 00:12:48 INFO  Log4jLogger:23 - X
2025-12-18 00:12:48 INFO  Log4jLogger:24 - X
2025-12-18 00:12:48 INFO  Log4jLogger:25 - X
2025-12-18 00:12:48 INFO  Log4jLogger:26 - X
2025-12-18 00:12:48 INFO  Log4jLogger:11 - ########################################################################
2025-12-18 00:12:48 INFO  Log4jLogger:12 - ########################################################################
2025-12-18 00:12:48 INFO  Log4jLogger:13 - ######           GetPrivateReposTestsinvoke0              ######
2025-12-18 00:12:48 INFO  Log4jLogger:14 - ########################################################################
2025-12-18 00:12:48 INFO  Log4jLogger:15 - ########################################################################
2025-12-18 00:12:50 INFO  Log4jLogger:19 - ###############            --E---N---D--           ###############
2025-12-18 00:12:50 INFO  Log4jLogger:20 - ########################################################################
2025-12-18 00:12:50 INFO  Log4jLogger:21 - -------X-------------X--------------X--------------X-------------X------
2025-12-18 00:12:50 INFO  Log4jLogger:22 - X
2025-12-18 00:12:50 INFO  Log4jLogger:23 - X
2025-12-18 00:12:50 INFO  Log4jLogger:24 - X
2025-12-18 00:12:50 INFO  Log4jLogger:25 - X
2025-12-18 00:12:50 INFO  Log4jLogger:26 - X
2025-12-18 00:55:06 INFO  Utils:112 - [TestNG] Running:
  C:\Users\renuk\AppData\Local\JetBrains\IdeaIC2025.2\temp-testng-customsuite.xml

2025-12-18 00:56:58 INFO  Utils:112 - [TestNG] Running:
  C:\Users\renuk\AppData\Local\JetBrains\IdeaIC2025.2\temp-testng-customsuite.xml

2025-12-18 00:58:32 INFO  Utils:112 - [TestNG] Running:
  C:\Users\renuk\AppData\Local\JetBrains\IdeaIC2025.2\temp-testng-customsuite.xml

2025-12-18 00:58:40 INFO  Log4jLogger:11 - ########################################################################
2025-12-18 00:58:40 INFO  Log4jLogger:12 - ########################################################################
2025-12-18 00:58:40 INFO  Log4jLogger:13 - ######           DeleteRepoCallinvoke0              ######
2025-12-18 00:58:40 INFO  Log4jLogger:14 - ########################################################################
2025-12-18 00:58:40 INFO  Log4jLogger:15 - ########################################################################
2025-12-18 00:58:40 INFO  Log4jLogger:19 - ###############            --E---N---D--           ###############
2025-12-18 00:58:40 INFO  Log4jLogger:20 - ########################################################################
2025-12-18 00:58:40 INFO  Log4jLogger:21 - -------X-------------X--------------X--------------X-------------X------
2025-12-18 00:58:40 INFO  Log4jLogger:22 - X
2025-12-18 00:58:40 INFO  Log4jLogger:23 - X
2025-12-18 00:58:40 INFO  Log4jLogger:24 - X
2025-12-18 00:58:40 INFO  Log4jLogger:25 - X
2025-12-18 00:58:40 INFO  Log4jLogger:26 - X
2025-12-18 01:02:40 INFO  Utils:112 - [TestNG] Running:
  C:\Users\renuk\AppData\Local\JetBrains\IdeaIC2025.2\temp-testng-customsuite.xml

2025-12-18 01:02:49 INFO  Log4jLogger:11 - ########################################################################
2025-12-18 01:02:49 INFO  Log4jLogger:12 - ########################################################################
2025-12-18 01:02:49 INFO  Log4jLogger:13 - ######           DeleteRepoCallinvoke0              ######
2025-12-18 01:02:49 INFO  Log4jLogger:14 - ########################################################################
2025-12-18 01:02:49 INFO  Log4jLogger:15 - ########################################################################
2025-12-18 01:02:49 INFO  Log4jLogger:19 - ###############            --E---N---D--           ###############
2025-12-18 01:02:49 INFO  Log4jLogger:20 - ########################################################################
2025-12-18 01:02:49 INFO  Log4jLogger:21 - -------X-------------X--------------X--------------X-------------X------
2025-12-18 01:02:49 INFO  Log4jLogger:22 - X
2025-12-18 01:02:49 INFO  Log4jLogger:23 - X
2025-12-18 01:02:49 INFO  Log4jLogger:24 - X
2025-12-18 01:02:49 INFO  Log4jLogger:25 - X
2025-12-18 01:02:49 INFO  Log4jLogger:26 - X
2025-12-18 01:02:49 INFO  Log4jLogger:11 - ########################################################################
2025-12-18 01:02:49 INFO  Log4jLogger:12 - ########################################################################
2025-12-18 01:02:49 INFO  Log4jLogger:13 - ######           DeleteRepoCallinvoke0              ######
2025-12-18 01:02:49 INFO  Log4jLogger:14 - ########################################################################
2025-12-18 01:02:49 INFO  Log4jLogger:15 - ########################################################################
2025-12-18 01:02:49 INFO  Log4jLogger:19 - ###############            --E---N---D--           ###############
2025-12-18 01:02:49 INFO  Log4jLogger:20 - ########################################################################
2025-12-18 01:02:49 INFO  Log4jLogger:21 - -------X-------------X--------------X--------------X-------------X------
2025-12-18 01:02:49 INFO  Log4jLogger:22 - X
2025-12-18 01:02:49 INFO  Log4jLogger:23 - X
2025-12-18 01:02:49 INFO  Log4jLogger:24 - X
2025-12-18 01:02:49 INFO  Log4jLogger:25 - X
2025-12-18 01:02:49 INFO  Log4jLogger:26 - X
2025-12-18 01:02:49 INFO  Log4jLogger:11 - ########################################################################
2025-12-18 01:02:49 INFO  Log4jLogger:12 - ########################################################################
2025-12-18 01:02:49 INFO  Log4jLogger:13 - ######           DeleteRepoCallinvoke0              ######
2025-12-18 01:02:49 INFO  Log4jLogger:14 - ########################################################################
2025-12-18 01:02:49 INFO  Log4jLogger:15 - ########################################################################
2025-12-18 01:02:49 INFO  Log4jLogger:19 - ###############            --E---N---D--           ###############
2025-12-18 01:02:49 INFO  Log4jLogger:20 - ########################################################################
2025-12-18 01:02:49 INFO  Log4jLogger:21 - -------X-------------X--------------X--------------X-------------X------
2025-12-18 01:02:49 INFO  Log4jLogger:22 - X
2025-12-18 01:02:49 INFO  Log4jLogger:23 - X
2025-12-18 01:02:49 INFO  Log4jLogger:24 - X
2025-12-18 01:02:49 INFO  Log4jLogger:25 - X
2025-12-18 01:02:49 INFO  Log4jLogger:26 - X
2025-12-18 01:02:49 INFO  Log4jLogger:11 - ########################################################################
2025-12-18 01:02:49 INFO  Log4jLogger:12 - ########################################################################
2025-12-18 01:02:49 INFO  Log4jLogger:13 - ######           DeleteRepoCallinvoke0              ######
2025-12-18 01:02:49 INFO  Log4jLogger:14 - ########################################################################
2025-12-18 01:02:49 INFO  Log4jLogger:15 - ########################################################################
2025-12-18 01:02:52 INFO  Log4jLogger:19 - ###############            --E---N---D--           ###############
2025-12-18 01:02:52 INFO  Log4jLogger:20 - ########################################################################
2025-12-18 01:02:52 INFO  Log4jLogger:21 - -------X-------------X--------------X--------------X-------------X------
2025-12-18 01:02:52 INFO  Log4jLogger:22 - X
2025-12-18 01:02:52 INFO  Log4jLogger:23 - X
2025-12-18 01:02:52 INFO  Log4jLogger:24 - X
2025-12-18 01:02:52 INFO  Log4jLogger:25 - X
2025-12-18 01:02:52 INFO  Log4jLogger:26 - X
2025-12-18 01:12:11 INFO  Utils:112 - [TestNG] Running:
  C:\Users\renuk\AppData\Local\JetBrains\IdeaIC2025.2\temp-testng-customsuite.xml

2025-12-18 01:14:58 INFO  Utils:112 - [TestNG] Running:
  C:\Users\renuk\AppData\Local\JetBrains\IdeaIC2025.2\temp-testng-customsuite.xml

2025-12-18 01:15:07 INFO  Log4jLogger:11 - ########################################################################
2025-12-18 01:15:07 INFO  Log4jLogger:12 - ########################################################################
2025-12-18 01:15:07 INFO  Log4jLogger:13 - ######           DeleteRepoCallinvoke0              ######
2025-12-18 01:15:07 INFO  Log4jLogger:14 - ########################################################################
2025-12-18 01:15:07 INFO  Log4jLogger:15 - ########################################################################
2025-12-18 01:15:07 INFO  Log4jLogger:19 - ###############            --E---N---D--           ###############
2025-12-18 01:15:07 INFO  Log4jLogger:20 - ########################################################################
2025-12-18 01:15:07 INFO  Log4jLogger:21 - -------X-------------X--------------X--------------X-------------X------
2025-12-18 01:15:07 INFO  Log4jLogger:22 - X
2025-12-18 01:15:07 INFO  Log4jLogger:23 - X
2025-12-18 01:15:07 INFO  Log4jLogger:24 - X
2025-12-18 01:15:07 INFO  Log4jLogger:25 - X
2025-12-18 01:15:07 INFO  Log4jLogger:26 - X
2025-12-18 01:17:07 INFO  Utils:112 - [TestNG] Running:
  C:\Users\renuk\AppData\Local\JetBrains\IdeaIC2025.2\temp-testng-customsuite.xml

2025-12-18 01:17:15 INFO  Log4jLogger:11 - ########################################################################
2025-12-18 01:17:15 INFO  Log4jLogger:12 - ########################################################################
2025-12-18 01:17:15 INFO  Log4jLogger:13 - ######           DeleteRepoCallinvoke0              ######
2025-12-18 01:17:15 INFO  Log4jLogger:14 - ########################################################################
2025-12-18 01:17:15 INFO  Log4jLogger:15 - ########################################################################
2025-12-18 01:17:16 INFO  Log4jLogger:19 - ###############            --E---N---D--           ###############
2025-12-18 01:17:16 INFO  Log4jLogger:20 - ########################################################################
2025-12-18 01:17:16 INFO  Log4jLogger:21 - -------X-------------X--------------X--------------X-------------X------
2025-12-18 01:17:16 INFO  Log4jLogger:22 - X
2025-12-18 01:17:16 INFO  Log4jLogger:23 - X
2025-12-18 01:17:16 INFO  Log4jLogger:24 - X
2025-12-18 01:17:16 INFO  Log4jLogger:25 - X
2025-12-18 01:17:16 INFO  Log4jLogger:26 - X
2025-12-18 01:17:16 INFO  Log4jLogger:11 - ########################################################################
2025-12-18 01:17:16 INFO  Log4jLogger:12 - ########################################################################
2025-12-18 01:17:16 INFO  Log4jLogger:13 - ######           DeleteRepoCallinvoke0              ######
2025-12-18 01:17:16 INFO  Log4jLogger:14 - ########################################################################
2025-12-18 01:17:16 INFO  Log4jLogger:15 - ########################################################################
2025-12-18 01:17:16 INFO  Log4jLogger:19 - ###############            --E---N---D--           ###############
2025-12-18 01:17:16 INFO  Log4jLogger:20 - ########################################################################
2025-12-18 01:17:16 INFO  Log4jLogger:21 - -------X-------------X--------------X--------------X-------------X------
2025-12-18 01:17:16 INFO  Log4jLogger:22 - X
2025-12-18 01:17:16 INFO  Log4jLogger:23 - X
2025-12-18 01:17:16 INFO  Log4jLogger:24 - X
2025-12-18 01:17:16 INFO  Log4jLogger:25 - X
2025-12-18 01:17:16 INFO  Log4jLogger:26 - X
2025-12-18 01:17:16 INFO  Log4jLogger:11 - ########################################################################
2025-12-18 01:17:16 INFO  Log4jLogger:12 - ########################################################################
2025-12-18 01:17:16 INFO  Log4jLogger:13 - ######           DeleteRepoCallinvoke0              ######
2025-12-18 01:17:16 INFO  Log4jLogger:14 - ########################################################################
2025-12-18 01:17:16 INFO  Log4jLogger:15 - ########################################################################
2025-12-18 01:17:16 INFO  Log4jLogger:19 - ###############            --E---N---D--           ###############
2025-12-18 01:17:16 INFO  Log4jLogger:20 - ########################################################################
2025-12-18 01:17:16 INFO  Log4jLogger:21 - -------X-------------X--------------X--------------X-------------X------
2025-12-18 01:17:16 INFO  Log4jLogger:22 - X
2025-12-18 01:17:16 INFO  Log4jLogger:23 - X
2025-12-18 01:17:16 INFO  Log4jLogger:24 - X
2025-12-18 01:17:16 INFO  Log4jLogger:25 - X
2025-12-18 01:17:16 INFO  Log4jLogger:26 - X
2025-12-18 01:17:16 INFO  Log4jLogger:11 - ########################################################################
2025-12-18 01:17:16 INFO  Log4jLogger:12 - ########################################################################
2025-12-18 01:17:16 INFO  Log4jLogger:13 - ######           DeleteRepoCallinvoke0              ######
2025-12-18 01:17:16 INFO  Log4jLogger:14 - ########################################################################
2025-12-18 01:17:16 INFO  Log4jLogger:15 - ########################################################################
2025-12-18 01:17:19 INFO  Log4jLogger:19 - ###############            --E---N---D--           ###############
2025-12-18 01:17:19 INFO  Log4jLogger:20 - ########################################################################
2025-12-18 01:17:19 INFO  Log4jLogger:21 - -------X-------------X--------------X--------------X-------------X------
2025-12-18 01:17:19 INFO  Log4jLogger:22 - X
2025-12-18 01:17:19 INFO  Log4jLogger:23 - X
2025-12-18 01:17:19 INFO  Log4jLogger:24 - X
2025-12-18 01:17:19 INFO  Log4jLogger:25 - X
2025-12-18 01:17:19 INFO  Log4jLogger:26 - X
2025-12-18 01:18:10 WARN  TestNG:133 - Ignoring duplicate listener : io.qameta.allure.testng.AllureTestNg
2025-12-18 01:18:10 WARN  TestNG:133 - Ignoring duplicate listener : io.qameta.allure.testng.AllureTestNg
2025-12-18 01:18:10 WARN  TestNG:133 - Ignoring duplicate listener : io.qameta.allure.testng.AllureTestNg
2025-12-18 01:18:10 INFO  Utils:112 - [TestNG] Running:
  G:\Automation\RestAssured-GitHub-Apis-Automation\testNG.xml

2025-12-18 01:18:13 INFO  Log4jLogger:31 - Sending GET request to fetch repository details...
2025-12-18 01:18:13 INFO  Log4jLogger:31 - Endpoint: https://api.github.com/users/tech-with-rjhare/repo
2025-12-18 01:18:13 INFO  Log4jLogger:11 - ########################################################################
2025-12-18 01:18:13 INFO  Log4jLogger:12 - ########################################################################
2025-12-18 01:18:13 INFO  Log4jLogger:13 - ######           GetReposTestsinvoke0              ######
2025-12-18 01:18:13 INFO  Log4jLogger:14 - ########################################################################
2025-12-18 01:18:13 INFO  Log4jLogger:15 - ########################################################################
2025-12-18 01:18:14 INFO  Log4jLogger:31 - ✅ Response Status: 200 OK - Repository details fetched successfully.
2025-12-18 01:18:14 INFO  Log4jLogger:19 - ###############            --E---N---D--           ###############
2025-12-18 01:18:14 INFO  Log4jLogger:20 - ########################################################################
2025-12-18 01:18:14 INFO  Log4jLogger:21 - -------X-------------X--------------X--------------X-------------X------
2025-12-18 01:18:14 INFO  Log4jLogger:22 - X
2025-12-18 01:18:14 INFO  Log4jLogger:23 - X
2025-12-18 01:18:14 INFO  Log4jLogger:24 - X
2025-12-18 01:18:14 INFO  Log4jLogger:25 - X
2025-12-18 01:18:14 INFO  Log4jLogger:26 - X
2025-12-18 01:18:14 INFO  Log4jLogger:11 - ########################################################################
2025-12-18 01:18:14 INFO  Log4jLogger:12 - ########################################################################
2025-12-18 01:18:14 INFO  Log4jLogger:13 - ######           GetReposTestsinvoke0              ######
2025-12-18 01:18:14 INFO  Log4jLogger:14 - ########################################################################
2025-12-18 01:18:14 INFO  Log4jLogger:15 - ########################################################################
2025-12-18 01:18:14 INFO  Log4jLogger:19 - ###############            --E---N---D--           ###############
2025-12-18 01:18:14 INFO  Log4jLogger:20 - ########################################################################
2025-12-18 01:18:14 INFO  Log4jLogger:21 - -------X-------------X--------------X--------------X-------------X------
2025-12-18 01:18:14 INFO  Log4jLogger:22 - X
2025-12-18 01:18:14 INFO  Log4jLogger:23 - X
2025-12-18 01:18:14 INFO  Log4jLogger:24 - X
2025-12-18 01:18:14 INFO  Log4jLogger:25 - X
2025-12-18 01:18:14 INFO  Log4jLogger:26 - X
2025-12-18 01:18:14 INFO  Log4jLogger:11 - ########################################################################
2025-12-18 01:18:14 INFO  Log4jLogger:12 - ########################################################################
2025-12-18 01:18:14 INFO  Log4jLogger:13 - ######           GetReposTestsinvoke0              ######
2025-12-18 01:18:14 INFO  Log4jLogger:14 - ########################################################################
2025-12-18 01:18:14 INFO  Log4jLogger:15 - ########################################################################
2025-12-18 01:18:15 INFO  Log4jLogger:31 - Sending GET request to fetch repository details...
2025-12-18 01:18:15 INFO  Log4jLogger:31 - Endpoint: https://api.github.com/users/tech-with-rjhare/repo
2025-12-18 01:18:15 INFO  Log4jLogger:31 - Find Git Repo : TestNG
2025-12-18 01:18:16 INFO  Log4jLogger:31 - Successfully fetched repository details of repository - TestNG
2025-12-18 01:18:16 INFO  Log4jLogger:19 - ###############            --E---N---D--           ###############
2025-12-18 01:18:16 INFO  Log4jLogger:20 - ########################################################################
2025-12-18 01:18:16 INFO  Log4jLogger:21 - -------X-------------X--------------X--------------X-------------X------
2025-12-18 01:18:16 INFO  Log4jLogger:22 - X
2025-12-18 01:18:16 INFO  Log4jLogger:23 - X
2025-12-18 01:18:16 INFO  Log4jLogger:24 - X
2025-12-18 01:18:16 INFO  Log4jLogger:25 - X
2025-12-18 01:18:16 INFO  Log4jLogger:26 - X
2025-12-18 01:18:16 INFO  Log4jLogger:11 - ########################################################################
2025-12-18 01:18:16 INFO  Log4jLogger:12 - ########################################################################
2025-12-18 01:18:16 INFO  Log4jLogger:13 - ######           GetReposTestsinvoke0              ######
2025-12-18 01:18:16 INFO  Log4jLogger:14 - ########################################################################
2025-12-18 01:18:16 INFO  Log4jLogger:15 - ########################################################################
2025-12-18 01:18:16 INFO  Log4jLogger:19 - ###############            --E---N---D--           ###############
2025-12-18 01:18:16 INFO  Log4jLogger:20 - ########################################################################
2025-12-18 01:18:16 INFO  Log4jLogger:21 - -------X-------------X--------------X--------------X-------------X------
2025-12-18 01:18:16 INFO  Log4jLogger:22 - X
2025-12-18 01:18:16 INFO  Log4jLogger:23 - X
2025-12-18 01:18:16 INFO  Log4jLogger:24 - X
2025-12-18 01:18:16 INFO  Log4jLogger:25 - X
2025-12-18 01:18:16 INFO  Log4jLogger:26 - X
2025-12-18 01:18:18 INFO  Log4jLogger:11 - ########################################################################
2025-12-18 01:18:18 INFO  Log4jLogger:12 - ########################################################################
2025-12-18 01:18:18 INFO  Log4jLogger:13 - ######           PostCallCreateRepoinvoke0              ######
2025-12-18 01:18:18 INFO  Log4jLogger:14 - ########################################################################
2025-12-18 01:18:18 INFO  Log4jLogger:15 - ########################################################################
2025-12-18 01:18:18 INFO  Log4jLogger:19 - ###############            --E---N---D--           ###############
2025-12-18 01:18:18 INFO  Log4jLogger:20 - ########################################################################
2025-12-18 01:18:18 INFO  Log4jLogger:21 - -------X-------------X--------------X--------------X-------------X------
2025-12-18 01:18:18 INFO  Log4jLogger:22 - X
2025-12-18 01:18:18 INFO  Log4jLogger:23 - X
2025-12-18 01:18:18 INFO  Log4jLogger:24 - X
2025-12-18 01:18:18 INFO  Log4jLogger:25 - X
2025-12-18 01:18:18 INFO  Log4jLogger:26 - X
2025-12-18 01:18:18 INFO  Log4jLogger:11 - ########################################################################
2025-12-18 01:18:18 INFO  Log4jLogger:12 - ########################################################################
2025-12-18 01:18:18 INFO  Log4jLogger:13 - ######           PostCallCreateRepoinvoke0              ######
2025-12-18 01:18:18 INFO  Log4jLogger:14 - ########################################################################
2025-12-18 01:18:18 INFO  Log4jLogger:15 - ########################################################################
2025-12-18 01:18:18 INFO  Log4jLogger:19 - ###############            --E---N---D--           ###############
2025-12-18 01:18:18 INFO  Log4jLogger:20 - ########################################################################
2025-12-18 01:18:18 INFO  Log4jLogger:21 - -------X-------------X--------------X--------------X-------------X------
2025-12-18 01:18:18 INFO  Log4jLogger:22 - X
2025-12-18 01:18:18 INFO  Log4jLogger:23 - X
2025-12-18 01:18:18 INFO  Log4jLogger:24 - X
2025-12-18 01:18:18 INFO  Log4jLogger:25 - X
2025-12-18 01:18:18 INFO  Log4jLogger:26 - X
2025-12-18 01:18:18 INFO  Log4jLogger:11 - ########################################################################
2025-12-18 01:18:18 INFO  Log4jLogger:12 - ########################################################################
2025-12-18 01:18:18 INFO  Log4jLogger:13 - ######           PostCallCreateRepoinvoke0              ######
2025-12-18 01:18:18 INFO  Log4jLogger:14 - ########################################################################
2025-12-18 01:18:18 INFO  Log4jLogger:15 - ########################################################################
2025-12-18 01:18:18 INFO  Log4jLogger:19 - ###############            --E---N---D--           ###############
2025-12-18 01:18:18 INFO  Log4jLogger:20 - ########################################################################
2025-12-18 01:18:18 INFO  Log4jLogger:21 - -------X-------------X--------------X--------------X-------------X------
2025-12-18 01:18:18 INFO  Log4jLogger:22 - X
2025-12-18 01:18:18 INFO  Log4jLogger:23 - X
2025-12-18 01:18:18 INFO  Log4jLogger:24 - X
2025-12-18 01:18:18 INFO  Log4jLogger:25 - X
2025-12-18 01:18:18 INFO  Log4jLogger:26 - X
2025-12-18 01:18:24 INFO  Log4jLogger:11 - ########################################################################
2025-12-18 01:18:24 INFO  Log4jLogger:12 - ########################################################################
2025-12-18 01:18:24 INFO  Log4jLogger:13 - ######           PatchUpdateRepoinvoke0              ######
2025-12-18 01:18:24 INFO  Log4jLogger:14 - ########################################################################
2025-12-18 01:18:24 INFO  Log4jLogger:15 - ########################################################################
2025-12-18 01:18:24 INFO  Log4jLogger:19 - ###############            --E---N---D--           ###############
2025-12-18 01:18:24 INFO  Log4jLogger:20 - ########################################################################
2025-12-18 01:18:24 INFO  Log4jLogger:21 - -------X-------------X--------------X--------------X-------------X------
2025-12-18 01:18:24 INFO  Log4jLogger:22 - X
2025-12-18 01:18:24 INFO  Log4jLogger:23 - X
2025-12-18 01:18:24 INFO  Log4jLogger:24 - X
2025-12-18 01:18:24 INFO  Log4jLogger:25 - X
2025-12-18 01:18:24 INFO  Log4jLogger:26 - X
2025-12-18 01:18:24 INFO  Log4jLogger:11 - ########################################################################
2025-12-18 01:18:24 INFO  Log4jLogger:12 - ########################################################################
2025-12-18 01:18:24 INFO  Log4jLogger:13 - ######           PatchUpdateRepoinvoke0              ######
2025-12-18 01:18:24 INFO  Log4jLogger:14 - ########################################################################
2025-12-18 01:18:24 INFO  Log4jLogger:15 - ########################################################################
2025-12-18 01:18:24 INFO  Log4jLogger:19 - ###############            --E---N---D--           ###############
2025-12-18 01:18:24 INFO  Log4jLogger:20 - ########################################################################
2025-12-18 01:18:24 INFO  Log4jLogger:21 - -------X-------------X--------------X--------------X-------------X------
2025-12-18 01:18:24 INFO  Log4jLogger:22 - X
2025-12-18 01:18:24 INFO  Log4jLogger:23 - X
2025-12-18 01:18:24 INFO  Log4jLogger:24 - X
2025-12-18 01:18:24 INFO  Log4jLogger:25 - X
2025-12-18 01:18:24 INFO  Log4jLogger:26 - X
2025-12-18 01:18:24 INFO  Log4jLogger:11 - ########################################################################
2025-12-18 01:18:24 INFO  Log4jLogger:12 - ########################################################################
2025-12-18 01:18:24 INFO  Log4jLogger:13 - ######           PatchUpdateRepoinvoke0              ######
2025-12-18 01:18:24 INFO  Log4jLogger:14 - ########################################################################
2025-12-18 01:18:24 INFO  Log4jLogger:15 - ########################################################################
2025-12-18 01:18:24 INFO  Log4jLogger:19 - ###############            --E---N---D--           ###############
2025-12-18 01:18:24 INFO  Log4jLogger:20 - ########################################################################
2025-12-18 01:18:24 INFO  Log4jLogger:21 - -------X-------------X--------------X--------------X-------------X------
2025-12-18 01:18:24 INFO  Log4jLogger:22 - X
2025-12-18 01:18:24 INFO  Log4jLogger:23 - X
2025-12-18 01:18:24 INFO  Log4jLogger:24 - X
2025-12-18 01:18:24 INFO  Log4jLogger:25 - X
2025-12-18 01:18:24 INFO  Log4jLogger:26 - X
2025-12-18 01:18:24 INFO  Log4jLogger:11 - ########################################################################
2025-12-18 01:18:24 INFO  Log4jLogger:12 - ########################################################################
2025-12-18 01:18:24 INFO  Log4jLogger:13 - ######           PatchUpdateRepoinvoke0              ######
2025-12-18 01:18:24 INFO  Log4jLogger:14 - ########################################################################
2025-12-18 01:18:24 INFO  Log4jLogger:15 - ########################################################################
2025-12-18 01:18:24 INFO  Log4jLogger:19 - ###############            --E---N---D--           ###############
2025-12-18 01:18:24 INFO  Log4jLogger:20 - ########################################################################
2025-12-18 01:18:24 INFO  Log4jLogger:21 - -------X-------------X--------------X--------------X-------------X------
2025-12-18 01:18:24 INFO  Log4jLogger:22 - X
2025-12-18 01:18:24 INFO  Log4jLogger:23 - X
2025-12-18 01:18:24 INFO  Log4jLogger:24 - X
2025-12-18 01:18:24 INFO  Log4jLogger:25 - X
2025-12-18 01:18:24 INFO  Log4jLogger:26 - X
2025-12-18 01:18:25 INFO  Log4jLogger:11 - ########################################################################
2025-12-18 01:18:25 INFO  Log4jLogger:12 - ########################################################################
2025-12-18 01:18:25 INFO  Log4jLogger:13 - ######           GetPrivateReposTestsinvoke0              ######
2025-12-18 01:18:25 INFO  Log4jLogger:14 - ########################################################################
2025-12-18 01:18:25 INFO  Log4jLogger:15 - ########################################################################
2025-12-18 01:18:25 INFO  Log4jLogger:19 - ###############            --E---N---D--           ###############
2025-12-18 01:18:25 INFO  Log4jLogger:20 - ########################################################################
2025-12-18 01:18:25 INFO  Log4jLogger:21 - -------X-------------X--------------X--------------X-------------X------
2025-12-18 01:18:25 INFO  Log4jLogger:22 - X
2025-12-18 01:18:25 INFO  Log4jLogger:23 - X
2025-12-18 01:18:25 INFO  Log4jLogger:24 - X
2025-12-18 01:18:25 INFO  Log4jLogger:25 - X
2025-12-18 01:18:25 INFO  Log4jLogger:26 - X
2025-12-18 01:18:25 INFO  Log4jLogger:11 - ########################################################################
2025-12-18 01:18:25 INFO  Log4jLogger:12 - ########################################################################
2025-12-18 01:18:25 INFO  Log4jLogger:13 - ######           GetPrivateReposTestsinvoke0              ######
2025-12-18 01:18:25 INFO  Log4jLogger:14 - ########################################################################
2025-12-18 01:18:25 INFO  Log4jLogger:15 - ########################################################################
2025-12-18 01:18:25 INFO  Log4jLogger:19 - ###############            --E---N---D--           ###############
2025-12-18 01:18:25 INFO  Log4jLogger:20 - ########################################################################
2025-12-18 01:18:25 INFO  Log4jLogger:21 - -------X-------------X--------------X--------------X-------------X------
2025-12-18 01:18:25 INFO  Log4jLogger:22 - X
2025-12-18 01:18:25 INFO  Log4jLogger:23 - X
2025-12-18 01:18:25 INFO  Log4jLogger:24 - X
2025-12-18 01:18:25 INFO  Log4jLogger:25 - X
2025-12-18 01:18:25 INFO  Log4jLogger:26 - X
2025-12-18 01:18:25 INFO  Log4jLogger:11 - ########################################################################
2025-12-18 01:18:25 INFO  Log4jLogger:12 - ########################################################################
2025-12-18 01:18:25 INFO  Log4jLogger:13 - ######           GetPrivateReposTestsinvoke0              ######
2025-12-18 01:18:25 INFO  Log4jLogger:14 - ########################################################################
2025-12-18 01:18:25 INFO  Log4jLogger:15 - ########################################################################
2025-12-18 01:18:26 INFO  Log4jLogger:19 - ###############            --E---N---D--           ###############
2025-12-18 01:18:26 INFO  Log4jLogger:20 - ########################################################################
2025-12-18 01:18:26 INFO  Log4jLogger:21 - -------X-------------X--------------X--------------X-------------X------
2025-12-18 01:18:26 INFO  Log4jLogger:22 - X
2025-12-18 01:18:26 INFO  Log4jLogger:23 - X
2025-12-18 01:18:26 INFO  Log4jLogger:24 - X
2025-12-18 01:18:26 INFO  Log4jLogger:25 - X
2025-12-18 01:18:26 INFO  Log4jLogger:26 - X
2025-12-18 01:18:26 INFO  Log4jLogger:11 - ########################################################################
2025-12-18 01:18:26 INFO  Log4jLogger:12 - ########################################################################
2025-12-18 01:18:26 INFO  Log4jLogger:13 - ######           GetPrivateReposTestsinvoke0              ######
2025-12-18 01:18:26 INFO  Log4jLogger:14 - ########################################################################
2025-12-18 01:18:26 INFO  Log4jLogger:15 - ########################################################################
2025-12-18 01:18:26 INFO  Log4jLogger:19 - ###############            --E---N---D--           ###############
2025-12-18 01:18:26 INFO  Log4jLogger:20 - ########################################################################
2025-12-18 01:18:26 INFO  Log4jLogger:21 - -------X-------------X--------------X--------------X-------------X------
2025-12-18 01:18:26 INFO  Log4jLogger:22 - X
2025-12-18 01:18:26 INFO  Log4jLogger:23 - X
2025-12-18 01:18:26 INFO  Log4jLogger:24 - X
2025-12-18 01:18:26 INFO  Log4jLogger:25 - X
2025-12-18 01:18:26 INFO  Log4jLogger:26 - X
2025-12-18 01:18:32 INFO  Log4jLogger:11 - ########################################################################
2025-12-18 01:18:32 INFO  Log4jLogger:12 - ########################################################################
2025-12-18 01:18:32 INFO  Log4jLogger:13 - ######           DeleteRepoCallinvoke0              ######
2025-12-18 01:18:32 INFO  Log4jLogger:14 - ########################################################################
2025-12-18 01:18:32 INFO  Log4jLogger:15 - ########################################################################
2025-12-18 01:18:32 INFO  Log4jLogger:19 - ###############            --E---N---D--           ###############
2025-12-18 01:18:32 INFO  Log4jLogger:20 - ########################################################################
2025-12-18 01:18:32 INFO  Log4jLogger:21 - -------X-------------X--------------X--------------X-------------X------
2025-12-18 01:18:32 INFO  Log4jLogger:22 - X
2025-12-18 01:18:32 INFO  Log4jLogger:23 - X
2025-12-18 01:18:32 INFO  Log4jLogger:24 - X
2025-12-18 01:18:32 INFO  Log4jLogger:25 - X
2025-12-18 01:18:32 INFO  Log4jLogger:26 - X
2025-12-18 01:18:32 INFO  Log4jLogger:11 - ########################################################################
2025-12-18 01:18:32 INFO  Log4jLogger:12 - ########################################################################
2025-12-18 01:18:32 INFO  Log4jLogger:13 - ######           DeleteRepoCallinvoke              ######
2025-12-18 01:18:32 INFO  Log4jLogger:14 - ########################################################################
2025-12-18 01:18:32 INFO  Log4jLogger:15 - ########################################################################
2025-12-18 01:18:32 INFO  Log4jLogger:19 - ###############            --E---N---D--           ###############
2025-12-18 01:18:32 INFO  Log4jLogger:20 - ########################################################################
2025-12-18 01:18:32 INFO  Log4jLogger:21 - -------X-------------X--------------X--------------X-------------X------
2025-12-18 01:18:32 INFO  Log4jLogger:22 - X
2025-12-18 01:18:32 INFO  Log4jLogger:23 - X
2025-12-18 01:18:32 INFO  Log4jLogger:24 - X
2025-12-18 01:18:32 INFO  Log4jLogger:25 - X
2025-12-18 01:18:32 INFO  Log4jLogger:26 - X
2025-12-18 01:18:32 INFO  Log4jLogger:11 - ########################################################################
2025-12-18 01:18:32 INFO  Log4jLogger:12 - ########################################################################
2025-12-18 01:18:32 INFO  Log4jLogger:13 - ######           DeleteRepoCallinvoke              ######
2025-12-18 01:18:32 INFO  Log4jLogger:14 - ########################################################################
2025-12-18 01:18:32 INFO  Log4jLogger:15 - ########################################################################
2025-12-18 01:18:32 INFO  Log4jLogger:19 - ###############            --E---N---D--           ###############
2025-12-18 01:18:32 INFO  Log4jLogger:20 - ########################################################################
2025-12-18 01:18:32 INFO  Log4jLogger:21 - -------X-------------X--------------X--------------X-------------X------
2025-12-18 01:18:32 INFO  Log4jLogger:22 - X
2025-12-18 01:18:32 INFO  Log4jLogger:23 - X
2025-12-18 01:18:32 INFO  Log4jLogger:24 - X
2025-12-18 01:18:32 INFO  Log4jLogger:25 - X
2025-12-18 01:18:32 INFO  Log4jLogger:26 - X
2025-12-18 01:18:32 INFO  Log4jLogger:11 - ########################################################################
2025-12-18 01:18:32 INFO  Log4jLogger:12 - ########################################################################
2025-12-18 01:18:32 INFO  Log4jLogger:13 - ######           DeleteRepoCallinvoke              ######
2025-12-18 01:18:32 INFO  Log4jLogger:14 - ########################################################################
2025-12-18 01:18:32 INFO  Log4jLogger:15 - ########################################################################
2025-12-18 01:18:35 INFO  Log4jLogger:19 - ###############            --E---N---D--           ###############
2025-12-18 01:18:35 INFO  Log4jLogger:20 - ########################################################################
2025-12-18 01:18:35 INFO  Log4jLogger:21 - -------X-------------X--------------X--------------X-------------X------
2025-12-18 01:18:35 INFO  Log4jLogger:22 - X
2025-12-18 01:18:35 INFO  Log4jLogger:23 - X
2025-12-18 01:18:35 INFO  Log4jLogger:24 - X
2025-12-18 01:18:35 INFO  Log4jLogger:25 - X
2025-12-18 01:18:35 INFO  Log4jLogger:26 - X
2025-12-18 01:25:15 INFO  Utils:112 - [TestNG] Running:
  C:\Users\renuk\AppData\Local\JetBrains\IdeaIC2025.2\temp-testng-customsuite.xml

2025-12-18 01:25:19 INFO  Log4jLogger:31 - Sending GET request to fetch repository details...
2025-12-18 01:25:19 INFO  Log4jLogger:31 - Endpoint: https://api.github.com/users/tech-with-rjhare/repo
2025-12-18 01:25:19 INFO  Log4jLogger:11 - ########################################################################
2025-12-18 01:25:19 INFO  Log4jLogger:12 - ########################################################################
2025-12-18 01:25:19 INFO  Log4jLogger:13 - ######           GetReposTestsinvoke0              ######
2025-12-18 01:25:19 INFO  Log4jLogger:14 - ########################################################################
2025-12-18 01:25:19 INFO  Log4jLogger:15 - ########################################################################
2025-12-18 01:25:19 INFO  Log4jLogger:31 - ✅ Response Status: 200 OK - Repository details fetched successfully.
2025-12-18 01:25:19 INFO  Log4jLogger:19 - ###############            --E---N---D--           ###############
2025-12-18 01:25:19 INFO  Log4jLogger:20 - ########################################################################
2025-12-18 01:25:19 INFO  Log4jLogger:21 - -------X-------------X--------------X--------------X-------------X------
2025-12-18 01:25:19 INFO  Log4jLogger:22 - X
2025-12-18 01:25:19 INFO  Log4jLogger:23 - X
2025-12-18 01:25:19 INFO  Log4jLogger:24 - X
2025-12-18 01:25:19 INFO  Log4jLogger:25 - X
2025-12-18 01:25:19 INFO  Log4jLogger:26 - X
2025-12-18 01:25:19 INFO  Log4jLogger:11 - ########################################################################
2025-12-18 01:25:19 INFO  Log4jLogger:12 - ########################################################################
2025-12-18 01:25:19 INFO  Log4jLogger:13 - ######           GetReposTestsinvoke0              ######
2025-12-18 01:25:19 INFO  Log4jLogger:14 - ########################################################################
2025-12-18 01:25:19 INFO  Log4jLogger:15 - ########################################################################
2025-12-18 01:25:20 INFO  Log4jLogger:19 - ###############            --E---N---D--           ###############
2025-12-18 01:25:20 INFO  Log4jLogger:20 - ########################################################################
2025-12-18 01:25:20 INFO  Log4jLogger:21 - -------X-------------X--------------X--------------X-------------X------
2025-12-18 01:25:20 INFO  Log4jLogger:22 - X
2025-12-18 01:25:20 INFO  Log4jLogger:23 - X
2025-12-18 01:25:20 INFO  Log4jLogger:24 - X
2025-12-18 01:25:20 INFO  Log4jLogger:25 - X
2025-12-18 01:25:20 INFO  Log4jLogger:26 - X
2025-12-18 01:25:20 INFO  Log4jLogger:11 - ########################################################################
2025-12-18 01:25:20 INFO  Log4jLogger:12 - ########################################################################
2025-12-18 01:25:20 INFO  Log4jLogger:13 - ######           GetReposTestsinvoke0              ######
2025-12-18 01:25:20 INFO  Log4jLogger:14 - ########################################################################
2025-12-18 01:25:20 INFO  Log4jLogger:15 - ########################################################################
2025-12-18 01:25:20 INFO  Log4jLogger:31 - Sending GET request to fetch repository details...
2025-12-18 01:25:20 INFO  Log4jLogger:31 - Endpoint: https://api.github.com/users/tech-with-rjhare/repo
2025-12-18 01:25:20 INFO  Log4jLogger:31 - Find Git Repo : TestNG
2025-12-18 01:25:22 INFO  Log4jLogger:31 - Successfully fetched repository details of repository - TestNG
2025-12-18 01:25:22 INFO  Log4jLogger:19 - ###############            --E---N---D--           ###############
2025-12-18 01:25:22 INFO  Log4jLogger:20 - ########################################################################
2025-12-18 01:25:22 INFO  Log4jLogger:21 - -------X-------------X--------------X--------------X-------------X------
2025-12-18 01:25:22 INFO  Log4jLogger:22 - X
2025-12-18 01:25:22 INFO  Log4jLogger:23 - X
2025-12-18 01:25:22 INFO  Log4jLogger:24 - X
2025-12-18 01:25:22 INFO  Log4jLogger:25 - X
2025-12-18 01:25:22 INFO  Log4jLogger:26 - X
2025-12-18 01:25:22 INFO  Log4jLogger:11 - ########################################################################
2025-12-18 01:25:22 INFO  Log4jLogger:12 - ########################################################################
2025-12-18 01:25:22 INFO  Log4jLogger:13 - ######           GetReposTestsinvoke0              ######
2025-12-18 01:25:22 INFO  Log4jLogger:14 - ########################################################################
2025-12-18 01:25:22 INFO  Log4jLogger:15 - ########################################################################
2025-12-18 01:25:22 INFO  Log4jLogger:19 - ###############            --E---N---D--           ###############
2025-12-18 01:25:22 INFO  Log4jLogger:20 - ########################################################################
2025-12-18 01:25:22 INFO  Log4jLogger:21 - -------X-------------X--------------X--------------X-------------X------
2025-12-18 01:25:22 INFO  Log4jLogger:22 - X
2025-12-18 01:25:22 INFO  Log4jLogger:23 - X
2025-12-18 01:25:22 INFO  Log4jLogger:24 - X
2025-12-18 01:25:22 INFO  Log4jLogger:25 - X
2025-12-18 01:25:22 INFO  Log4jLogger:26 - X
2025-12-18 01:30:41 WARN  TestNG:133 - Ignoring duplicate listener : io.qameta.allure.testng.AllureTestNg
2025-12-18 01:30:41 WARN  TestNG:133 - Ignoring duplicate listener : io.qameta.allure.testng.AllureTestNg
2025-12-18 01:30:41 WARN  TestNG:133 - Ignoring duplicate listener : io.qameta.allure.testng.AllureTestNg
2025-12-18 01:30:41 INFO  Utils:112 - [TestNG] Running:
  G:\Automation\RestAssured-GitHub-Apis-Automation\testNG.xml

2025-12-18 01:30:45 INFO  Log4jLogger:31 - Sending GET request to fetch repository details...
2025-12-18 01:30:45 INFO  Log4jLogger:31 - Endpoint: https://api.github.com/users/tech-with-rjhare/repo
2025-12-18 01:30:45 INFO  Log4jLogger:11 - ########################################################################
2025-12-18 01:30:45 INFO  Log4jLogger:12 - ########################################################################
2025-12-18 01:30:45 INFO  Log4jLogger:13 - ######           GetReposTestsinvoke0              ######
2025-12-18 01:30:45 INFO  Log4jLogger:14 - ########################################################################
2025-12-18 01:30:45 INFO  Log4jLogger:15 - ########################################################################
2025-12-18 01:30:45 INFO  Log4jLogger:31 - ✅ Response Status: 200 OK - Repository details fetched successfully.
2025-12-18 01:30:45 INFO  Log4jLogger:19 - ###############            --E---N---D--           ###############
2025-12-18 01:30:45 INFO  Log4jLogger:20 - ########################################################################
2025-12-18 01:30:45 INFO  Log4jLogger:21 - -------X-------------X--------------X--------------X-------------X------
2025-12-18 01:30:45 INFO  Log4jLogger:22 - X
2025-12-18 01:30:45 INFO  Log4jLogger:23 - X
2025-12-18 01:30:45 INFO  Log4jLogger:24 - X
2025-12-18 01:30:45 INFO  Log4jLogger:25 - X
2025-12-18 01:30:45 INFO  Log4jLogger:26 - X
2025-12-18 01:30:45 INFO  Log4jLogger:11 - ########################################################################
2025-12-18 01:30:45 INFO  Log4jLogger:12 - ########################################################################
2025-12-18 01:30:45 INFO  Log4jLogger:13 - ######           GetReposTestsinvoke0              ######
2025-12-18 01:30:45 INFO  Log4jLogger:14 - ########################################################################
2025-12-18 01:30:45 INFO  Log4jLogger:15 - ########################################################################
2025-12-18 01:30:46 INFO  Log4jLogger:19 - ###############            --E---N---D--           ###############
2025-12-18 01:30:46 INFO  Log4jLogger:20 - ########################################################################
2025-12-18 01:30:46 INFO  Log4jLogger:21 - -------X-------------X--------------X--------------X-------------X------
2025-12-18 01:30:46 INFO  Log4jLogger:22 - X
2025-12-18 01:30:46 INFO  Log4jLogger:23 - X
2025-12-18 01:30:46 INFO  Log4jLogger:24 - X
2025-12-18 01:30:46 INFO  Log4jLogger:25 - X
2025-12-18 01:30:46 INFO  Log4jLogger:26 - X
2025-12-18 01:30:46 INFO  Log4jLogger:11 - ########################################################################
2025-12-18 01:30:46 INFO  Log4jLogger:12 - ########################################################################
2025-12-18 01:30:46 INFO  Log4jLogger:13 - ######           GetReposTestsinvoke0              ######
2025-12-18 01:30:46 INFO  Log4jLogger:14 - ########################################################################
2025-12-18 01:30:46 INFO  Log4jLogger:15 - ########################################################################
2025-12-18 01:30:46 INFO  Log4jLogger:31 - Sending GET request to fetch repository details...
2025-12-18 01:30:46 INFO  Log4jLogger:31 - Endpoint: https://api.github.com/users/tech-with-rjhare/repo
2025-12-18 01:30:46 INFO  Log4jLogger:31 - Find Git Repo : TestNG
2025-12-18 01:30:47 INFO  Log4jLogger:31 - Successfully fetched repository details of repository - TestNG
2025-12-18 01:30:47 INFO  Log4jLogger:19 - ###############            --E---N---D--           ###############
2025-12-18 01:30:47 INFO  Log4jLogger:20 - ########################################################################
2025-12-18 01:30:47 INFO  Log4jLogger:21 - -------X-------------X--------------X--------------X-------------X------
2025-12-18 01:30:47 INFO  Log4jLogger:22 - X
2025-12-18 01:30:47 INFO  Log4jLogger:23 - X
2025-12-18 01:30:47 INFO  Log4jLogger:24 - X
2025-12-18 01:30:47 INFO  Log4jLogger:25 - X
2025-12-18 01:30:47 INFO  Log4jLogger:26 - X
2025-12-18 01:30:47 INFO  Log4jLogger:11 - ########################################################################
2025-12-18 01:30:47 INFO  Log4jLogger:12 - ########################################################################
2025-12-18 01:30:47 INFO  Log4jLogger:13 - ######           GetReposTestsinvoke0              ######
2025-12-18 01:30:47 INFO  Log4jLogger:14 - ########################################################################
2025-12-18 01:30:47 INFO  Log4jLogger:15 - ########################################################################
2025-12-18 01:30:47 INFO  Log4jLogger:19 - ###############            --E---N---D--           ###############
2025-12-18 01:30:47 INFO  Log4jLogger:20 - ########################################################################
2025-12-18 01:30:47 INFO  Log4jLogger:21 - -------X-------------X--------------X--------------X-------------X------
2025-12-18 01:30:47 INFO  Log4jLogger:22 - X
2025-12-18 01:30:47 INFO  Log4jLogger:23 - X
2025-12-18 01:30:47 INFO  Log4jLogger:24 - X
2025-12-18 01:30:47 INFO  Log4jLogger:25 - X
2025-12-18 01:30:47 INFO  Log4jLogger:26 - X
2025-12-18 01:30:49 INFO  Log4jLogger:11 - ########################################################################
2025-12-18 01:30:49 INFO  Log4jLogger:12 - ########################################################################
2025-12-18 01:30:49 INFO  Log4jLogger:13 - ######           PostCallCreateRepoinvoke0              ######
2025-12-18 01:30:49 INFO  Log4jLogger:14 - ########################################################################
2025-12-18 01:30:49 INFO  Log4jLogger:15 - ########################################################################
2025-12-18 01:30:49 INFO  Log4jLogger:19 - ###############            --E---N---D--           ###############
2025-12-18 01:30:49 INFO  Log4jLogger:20 - ########################################################################
2025-12-18 01:30:49 INFO  Log4jLogger:21 - -------X-------------X--------------X--------------X-------------X------
2025-12-18 01:30:49 INFO  Log4jLogger:22 - X
2025-12-18 01:30:49 INFO  Log4jLogger:23 - X
2025-12-18 01:30:49 INFO  Log4jLogger:24 - X
2025-12-18 01:30:49 INFO  Log4jLogger:25 - X
2025-12-18 01:30:49 INFO  Log4jLogger:26 - X
2025-12-18 01:30:49 INFO  Log4jLogger:11 - ########################################################################
2025-12-18 01:30:49 INFO  Log4jLogger:12 - ########################################################################
2025-12-18 01:30:49 INFO  Log4jLogger:13 - ######           PostCallCreateRepoinvoke0              ######
2025-12-18 01:30:49 INFO  Log4jLogger:14 - ########################################################################
2025-12-18 01:30:49 INFO  Log4jLogger:15 - ########################################################################
2025-12-18 01:30:49 INFO  Log4jLogger:19 - ###############            --E---N---D--           ###############
2025-12-18 01:30:49 INFO  Log4jLogger:20 - ########################################################################
2025-12-18 01:30:49 INFO  Log4jLogger:21 - -------X-------------X--------------X--------------X-------------X------
2025-12-18 01:30:49 INFO  Log4jLogger:22 - X
2025-12-18 01:30:49 INFO  Log4jLogger:23 - X
2025-12-18 01:30:49 INFO  Log4jLogger:24 - X
2025-12-18 01:30:49 INFO  Log4jLogger:25 - X
2025-12-18 01:30:49 INFO  Log4jLogger:26 - X
2025-12-18 01:30:49 INFO  Log4jLogger:11 - ########################################################################
2025-12-18 01:30:49 INFO  Log4jLogger:12 - ########################################################################
2025-12-18 01:30:49 INFO  Log4jLogger:13 - ######           PostCallCreateRepoinvoke0              ######
2025-12-18 01:30:49 INFO  Log4jLogger:14 - ########################################################################
2025-12-18 01:30:49 INFO  Log4jLogger:15 - ########################################################################
2025-12-18 01:30:49 INFO  Log4jLogger:19 - ###############            --E---N---D--           ###############
2025-12-18 01:30:49 INFO  Log4jLogger:20 - ########################################################################
2025-12-18 01:30:49 INFO  Log4jLogger:21 - -------X-------------X--------------X--------------X-------------X------
2025-12-18 01:30:49 INFO  Log4jLogger:22 - X
2025-12-18 01:30:49 INFO  Log4jLogger:23 - X
2025-12-18 01:30:49 INFO  Log4jLogger:24 - X
2025-12-18 01:30:49 INFO  Log4jLogger:25 - X
2025-12-18 01:30:49 INFO  Log4jLogger:26 - X
2025-12-18 01:30:55 INFO  Log4jLogger:11 - ########################################################################
2025-12-18 01:30:55 INFO  Log4jLogger:12 - ########################################################################
2025-12-18 01:30:55 INFO  Log4jLogger:13 - ######           PatchUpdateRepoinvoke0              ######
2025-12-18 01:30:55 INFO  Log4jLogger:14 - ########################################################################
2025-12-18 01:30:55 INFO  Log4jLogger:15 - ########################################################################
2025-12-18 01:30:55 INFO  Log4jLogger:19 - ###############            --E---N---D--           ###############
2025-12-18 01:30:55 INFO  Log4jLogger:20 - ########################################################################
2025-12-18 01:30:55 INFO  Log4jLogger:21 - -------X-------------X--------------X--------------X-------------X------
2025-12-18 01:30:55 INFO  Log4jLogger:22 - X
2025-12-18 01:30:55 INFO  Log4jLogger:23 - X
2025-12-18 01:30:55 INFO  Log4jLogger:24 - X
2025-12-18 01:30:55 INFO  Log4jLogger:25 - X
2025-12-18 01:30:55 INFO  Log4jLogger:26 - X
2025-12-18 01:30:55 INFO  Log4jLogger:11 - ########################################################################
2025-12-18 01:30:55 INFO  Log4jLogger:12 - ########################################################################
2025-12-18 01:30:55 INFO  Log4jLogger:13 - ######           PatchUpdateRepoinvoke0              ######
2025-12-18 01:30:55 INFO  Log4jLogger:14 - ########################################################################
2025-12-18 01:30:55 INFO  Log4jLogger:15 - ########################################################################
2025-12-18 01:30:55 INFO  Log4jLogger:19 - ###############            --E---N---D--           ###############
2025-12-18 01:30:55 INFO  Log4jLogger:20 - ########################################################################
2025-12-18 01:30:55 INFO  Log4jLogger:21 - -------X-------------X--------------X--------------X-------------X------
2025-12-18 01:30:55 INFO  Log4jLogger:22 - X
2025-12-18 01:30:55 INFO  Log4jLogger:23 - X
2025-12-18 01:30:55 INFO  Log4jLogger:24 - X
2025-12-18 01:30:55 INFO  Log4jLogger:25 - X
2025-12-18 01:30:55 INFO  Log4jLogger:26 - X
2025-12-18 01:30:55 INFO  Log4jLogger:11 - ########################################################################
2025-12-18 01:30:55 INFO  Log4jLogger:12 - ########################################################################
2025-12-18 01:30:55 INFO  Log4jLogger:13 - ######           PatchUpdateRepoinvoke0              ######
2025-12-18 01:30:55 INFO  Log4jLogger:14 - ########################################################################
2025-12-18 01:30:55 INFO  Log4jLogger:15 - ########################################################################
2025-12-18 01:30:55 INFO  Log4jLogger:19 - ###############            --E---N---D--           ###############
2025-12-18 01:30:55 INFO  Log4jLogger:20 - ########################################################################
2025-12-18 01:30:55 INFO  Log4jLogger:21 - -------X-------------X--------------X--------------X-------------X------
2025-12-18 01:30:55 INFO  Log4jLogger:22 - X
2025-12-18 01:30:55 INFO  Log4jLogger:23 - X
2025-12-18 01:30:55 INFO  Log4jLogger:24 - X
2025-12-18 01:30:55 INFO  Log4jLogger:25 - X
2025-12-18 01:30:55 INFO  Log4jLogger:26 - X
2025-12-18 01:30:55 INFO  Log4jLogger:11 - ########################################################################
2025-12-18 01:30:55 INFO  Log4jLogger:12 - ########################################################################
2025-12-18 01:30:55 INFO  Log4jLogger:13 - ######           PatchUpdateRepoinvoke0              ######
2025-12-18 01:30:55 INFO  Log4jLogger:14 - ########################################################################
2025-12-18 01:30:55 INFO  Log4jLogger:15 - ########################################################################
2025-12-18 01:30:55 INFO  Log4jLogger:19 - ###############            --E---N---D--           ###############
2025-12-18 01:30:55 INFO  Log4jLogger:20 - ########################################################################
2025-12-18 01:30:55 INFO  Log4jLogger:21 - -------X-------------X--------------X--------------X-------------X------
2025-12-18 01:30:55 INFO  Log4jLogger:22 - X
2025-12-18 01:30:55 INFO  Log4jLogger:23 - X
2025-12-18 01:30:55 INFO  Log4jLogger:24 - X
2025-12-18 01:30:55 INFO  Log4jLogger:25 - X
2025-12-18 01:30:55 INFO  Log4jLogger:26 - X
2025-12-18 01:30:56 INFO  Log4jLogger:11 - ########################################################################
2025-12-18 01:30:56 INFO  Log4jLogger:12 - ########################################################################
2025-12-18 01:30:56 INFO  Log4jLogger:13 - ######           GetPrivateReposTestsinvoke0              ######
2025-12-18 01:30:56 INFO  Log4jLogger:14 - ########################################################################
2025-12-18 01:30:56 INFO  Log4jLogger:15 - ########################################################################
2025-12-18 01:30:56 INFO  Log4jLogger:19 - ###############            --E---N---D--           ###############
2025-12-18 01:30:56 INFO  Log4jLogger:20 - ########################################################################
2025-12-18 01:30:56 INFO  Log4jLogger:21 - -------X-------------X--------------X--------------X-------------X------
2025-12-18 01:30:56 INFO  Log4jLogger:22 - X
2025-12-18 01:30:56 INFO  Log4jLogger:23 - X
2025-12-18 01:30:56 INFO  Log4jLogger:24 - X
2025-12-18 01:30:56 INFO  Log4jLogger:25 - X
2025-12-18 01:30:56 INFO  Log4jLogger:26 - X
2025-12-18 01:30:56 INFO  Log4jLogger:11 - ########################################################################
2025-12-18 01:30:56 INFO  Log4jLogger:12 - ########################################################################
2025-12-18 01:30:56 INFO  Log4jLogger:13 - ######           GetPrivateReposTestsinvoke0              ######
2025-12-18 01:30:56 INFO  Log4jLogger:14 - ########################################################################
2025-12-18 01:30:56 INFO  Log4jLogger:15 - ########################################################################
2025-12-18 01:30:56 INFO  Log4jLogger:19 - ###############            --E---N---D--           ###############
2025-12-18 01:30:56 INFO  Log4jLogger:20 - ########################################################################
2025-12-18 01:30:56 INFO  Log4jLogger:21 - -------X-------------X--------------X--------------X-------------X------
2025-12-18 01:30:56 INFO  Log4jLogger:22 - X
2025-12-18 01:30:56 INFO  Log4jLogger:23 - X
2025-12-18 01:30:56 INFO  Log4jLogger:24 - X
2025-12-18 01:30:56 INFO  Log4jLogger:25 - X
2025-12-18 01:30:56 INFO  Log4jLogger:26 - X
2025-12-18 01:30:56 INFO  Log4jLogger:11 - ########################################################################
2025-12-18 01:30:56 INFO  Log4jLogger:12 - ########################################################################
2025-12-18 01:30:56 INFO  Log4jLogger:13 - ######           GetPrivateReposTestsinvoke0              ######
2025-12-18 01:30:56 INFO  Log4jLogger:14 - ########################################################################
2025-12-18 01:30:56 INFO  Log4jLogger:15 - ########################################################################
2025-12-18 01:30:57 INFO  Log4jLogger:19 - ###############            --E---N---D--           ###############
2025-12-18 01:30:57 INFO  Log4jLogger:20 - ########################################################################
2025-12-18 01:30:57 INFO  Log4jLogger:21 - -------X-------------X--------------X--------------X-------------X------
2025-12-18 01:30:57 INFO  Log4jLogger:22 - X
2025-12-18 01:30:57 INFO  Log4jLogger:23 - X
2025-12-18 01:30:57 INFO  Log4jLogger:24 - X
2025-12-18 01:30:57 INFO  Log4jLogger:25 - X
2025-12-18 01:30:57 INFO  Log4jLogger:26 - X
2025-12-18 01:30:57 INFO  Log4jLogger:11 - ########################################################################
2025-12-18 01:30:57 INFO  Log4jLogger:12 - ########################################################################
2025-12-18 01:30:57 INFO  Log4jLogger:13 - ######           GetPrivateReposTestsinvoke0              ######
2025-12-18 01:30:57 INFO  Log4jLogger:14 - ########################################################################
2025-12-18 01:30:57 INFO  Log4jLogger:15 - ########################################################################
2025-12-18 01:30:57 INFO  Log4jLogger:19 - ###############            --E---N---D--           ###############
2025-12-18 01:30:57 INFO  Log4jLogger:20 - ########################################################################
2025-12-18 01:30:57 INFO  Log4jLogger:21 - -------X-------------X--------------X--------------X-------------X------
2025-12-18 01:30:57 INFO  Log4jLogger:22 - X
2025-12-18 01:30:57 INFO  Log4jLogger:23 - X
2025-12-18 01:30:57 INFO  Log4jLogger:24 - X
2025-12-18 01:30:57 INFO  Log4jLogger:25 - X
2025-12-18 01:30:57 INFO  Log4jLogger:26 - X
2025-12-18 01:31:03 INFO  Log4jLogger:11 - ########################################################################
2025-12-18 01:31:03 INFO  Log4jLogger:12 - ########################################################################
2025-12-18 01:31:03 INFO  Log4jLogger:13 - ######           DeleteRepoCallinvoke0              ######
2025-12-18 01:31:03 INFO  Log4jLogger:14 - ########################################################################
2025-12-18 01:31:03 INFO  Log4jLogger:15 - ########################################################################
2025-12-18 01:31:03 INFO  Log4jLogger:19 - ###############            --E---N---D--           ###############
2025-12-18 01:31:03 INFO  Log4jLogger:20 - ########################################################################
2025-12-18 01:31:03 INFO  Log4jLogger:21 - -------X-------------X--------------X--------------X-------------X------
2025-12-18 01:31:03 INFO  Log4jLogger:22 - X
2025-12-18 01:31:03 INFO  Log4jLogger:23 - X
2025-12-18 01:31:03 INFO  Log4jLogger:24 - X
2025-12-18 01:31:03 INFO  Log4jLogger:25 - X
2025-12-18 01:31:03 INFO  Log4jLogger:26 - X
2025-12-18 01:31:03 INFO  Log4jLogger:11 - ########################################################################
2025-12-18 01:31:03 INFO  Log4jLogger:12 - ########################################################################
2025-12-18 01:31:03 INFO  Log4jLogger:13 - ######           DeleteRepoCallinvoke              ######
2025-12-18 01:31:03 INFO  Log4jLogger:14 - ########################################################################
2025-12-18 01:31:03 INFO  Log4jLogger:15 - ########################################################################
2025-12-18 01:31:03 INFO  Log4jLogger:19 - ###############            --E---N---D--           ###############
2025-12-18 01:31:03 INFO  Log4jLogger:20 - ########################################################################
2025-12-18 01:31:03 INFO  Log4jLogger:21 - -------X-------------X--------------X--------------X-------------X------
2025-12-18 01:31:03 INFO  Log4jLogger:22 - X
2025-12-18 01:31:03 INFO  Log4jLogger:23 - X
2025-12-18 01:31:03 INFO  Log4jLogger:24 - X
2025-12-18 01:31:03 INFO  Log4jLogger:25 - X
2025-12-18 01:31:03 INFO  Log4jLogger:26 - X
2025-12-18 01:31:03 INFO  Log4jLogger:11 - ########################################################################
2025-12-18 01:31:03 INFO  Log4jLogger:12 - ########################################################################
2025-12-18 01:31:03 INFO  Log4jLogger:13 - ######           DeleteRepoCallinvoke              ######
2025-12-18 01:31:03 INFO  Log4jLogger:14 - ########################################################################
2025-12-18 01:31:03 INFO  Log4jLogger:15 - ########################################################################
2025-12-18 01:31:03 INFO  Log4jLogger:19 - ###############            --E---N---D--           ###############
2025-12-18 01:31:03 INFO  Log4jLogger:20 - ########################################################################
2025-12-18 01:31:03 INFO  Log4jLogger:21 - -------X-------------X--------------X--------------X-------------X------
2025-12-18 01:31:03 INFO  Log4jLogger:22 - X
2025-12-18 01:31:03 INFO  Log4jLogger:23 - X
2025-12-18 01:31:03 INFO  Log4jLogger:24 - X
2025-12-18 01:31:03 INFO  Log4jLogger:25 - X
2025-12-18 01:31:03 INFO  Log4jLogger:26 - X
2025-12-18 01:31:03 INFO  Log4jLogger:11 - ########################################################################
2025-12-18 01:31:03 INFO  Log4jLogger:12 - ########################################################################
2025-12-18 01:31:03 INFO  Log4jLogger:13 - ######           DeleteRepoCallinvoke              ######
2025-12-18 01:31:03 INFO  Log4jLogger:14 - ########################################################################
2025-12-18 01:31:03 INFO  Log4jLogger:15 - ########################################################################
2025-12-18 01:31:07 INFO  Log4jLogger:19 - ###############            --E---N---D--           ###############
2025-12-18 01:31:07 INFO  Log4jLogger:20 - ########################################################################
2025-12-18 01:31:07 INFO  Log4jLogger:21 - -------X-------------X--------------X--------------X-------------X------
2025-12-18 01:31:07 INFO  Log4jLogger:22 - X
2025-12-18 01:31:07 INFO  Log4jLogger:23 - X
2025-12-18 01:31:07 INFO  Log4jLogger:24 - X
2025-12-18 01:31:07 INFO  Log4jLogger:25 - X
2025-12-18 01:31:07 INFO  Log4jLogger:26 - X
